<?xml version="1.0" encoding="UTF-8"?>
<testsuite xmlns:xsi="http://www.w3.org/2001/XMLSchema-instance" xsi:noNamespaceSchemaLocation="https://maven.apache.org/surefire/maven-surefire-plugin/xsd/surefire-test-report.xsd" name="com.example.TetrisTest" time="0.038" tests="46" errors="2" skipped="0" failures="0">
  <properties>
    <property name="java.specification.version" value="22"/>
    <property name="sun.jnu.encoding" value="UTF-8"/>
    <property name="java.class.path" value="/Users/nicolasmedula/Desktop/Tetris TP1/Tetris-PDP2-2024/target/test-classes:/Users/nicolasmedula/Desktop/Tetris TP1/Tetris-PDP2-2024/target/classes:/Users/nicolasmedula/.m2/repository/junit/junit/4.13.2/junit-4.13.2.jar:/Users/nicolasmedula/.m2/repository/org/hamcrest/hamcrest-core/1.3/hamcrest-core-1.3.jar:"/>
    <property name="java.vm.vendor" value="Homebrew"/>
    <property name="sun.arch.data.model" value="64"/>
    <property name="java.vendor.url" value="https://github.com/Homebrew/homebrew-core/issues"/>
    <property name="os.name" value="Mac OS X"/>
    <property name="java.vm.specification.version" value="22"/>
    <property name="sun.java.launcher" value="SUN_STANDARD"/>
    <property name="user.country" value="AR"/>
    <property name="sun.boot.library.path" value="/opt/homebrew/Cellar/openjdk/22.0.2/libexec/openjdk.jdk/Contents/Home/lib"/>
    <property name="sun.java.command" value="/Users/nicolasmedula/Desktop/Tetris TP1/Tetris-PDP2-2024/target/surefire/surefirebooter6766731685443310302.jar /Users/nicolasmedula/Desktop/Tetris TP1/Tetris-PDP2-2024/target/surefire 2024-09-16T20-34-36_391-jvmRun1 surefire12895165015992550880tmp surefire_0874366090312170523tmp"/>
    <property name="http.nonProxyHosts" value="local|*.local|169.254/16|*.169.254/16"/>
    <property name="jdk.debug" value="release"/>
    <property name="surefire.test.class.path" value="/Users/nicolasmedula/Desktop/Tetris TP1/Tetris-PDP2-2024/target/test-classes:/Users/nicolasmedula/Desktop/Tetris TP1/Tetris-PDP2-2024/target/classes:/Users/nicolasmedula/.m2/repository/junit/junit/4.13.2/junit-4.13.2.jar:/Users/nicolasmedula/.m2/repository/org/hamcrest/hamcrest-core/1.3/hamcrest-core-1.3.jar:"/>
    <property name="sun.cpu.endian" value="little"/>
    <property name="user.home" value="/Users/nicolasmedula"/>
    <property name="user.language" value="es"/>
    <property name="java.specification.vendor" value="Oracle Corporation"/>
    <property name="java.version.date" value="2024-07-16"/>
    <property name="java.home" value="/opt/homebrew/Cellar/openjdk/22.0.2/libexec/openjdk.jdk/Contents/Home"/>
    <property name="file.separator" value="/"/>
    <property name="basedir" value="/Users/nicolasmedula/Desktop/Tetris TP1/Tetris-PDP2-2024"/>
    <property name="java.vm.compressedOopsMode" value="Zero based"/>
    <property name="line.separator" value="&#10;"/>
    <property name="java.vm.specification.vendor" value="Oracle Corporation"/>
    <property name="java.specification.name" value="Java Platform API Specification"/>
    <property name="apple.awt.application.name" value="ForkedBooter"/>
    <property name="surefire.real.class.path" value="/Users/nicolasmedula/Desktop/Tetris TP1/Tetris-PDP2-2024/target/surefire/surefirebooter6766731685443310302.jar"/>
    <property name="sun.management.compiler" value="HotSpot 64-Bit Tiered Compilers"/>
    <property name="ftp.nonProxyHosts" value="local|*.local|169.254/16|*.169.254/16"/>
    <property name="java.runtime.version" value="22.0.2"/>
    <property name="user.name" value="nicolasmedula"/>
    <property name="stdout.encoding" value="UTF-8"/>
    <property name="path.separator" value=":"/>
    <property name="os.version" value="14.4"/>
    <property name="java.runtime.name" value="OpenJDK Runtime Environment"/>
    <property name="file.encoding" value="UTF-8"/>
    <property name="java.vm.name" value="OpenJDK 64-Bit Server VM"/>
    <property name="java.vendor.version" value="Homebrew"/>
    <property name="localRepository" value="/Users/nicolasmedula/.m2/repository"/>
    <property name="java.vendor.url.bug" value="https://github.com/Homebrew/homebrew-core/issues"/>
    <property name="java.io.tmpdir" value="/var/folders/hq/hhfc8fjj0n34rykzpgmz2s8m0000gn/T/"/>
    <property name="java.version" value="22.0.2"/>
    <property name="user.dir" value="/Users/nicolasmedula/Desktop/Tetris TP1/Tetris-PDP2-2024"/>
    <property name="os.arch" value="aarch64"/>
    <property name="java.vm.specification.name" value="Java Virtual Machine Specification"/>
    <property name="native.encoding" value="UTF-8"/>
    <property name="java.library.path" value="/Users/nicolasmedula/Library/Java/Extensions:/Library/Java/Extensions:/Network/Library/Java/Extensions:/System/Library/Java/Extensions:/usr/lib/java:."/>
    <property name="java.vm.info" value="mixed mode, sharing"/>
    <property name="stderr.encoding" value="UTF-8"/>
    <property name="java.vendor" value="Homebrew"/>
    <property name="java.vm.version" value="22.0.2"/>
    <property name="sun.io.unicode.encoding" value="UnicodeBig"/>
    <property name="socksNonProxyHosts" value="local|*.local|169.254/16|*.169.254/16"/>
    <property name="java.class.version" value="66.0"/>
  </properties>
  <testcase name="juego_comienza_Test" classname="com.example.TetrisTest" time="0.004"/>
  <testcase name="rotar_pieza_T_a_la_izquierda_Test" classname="com.example.TetrisTest" time="0"/>
  <testcase name="rotar_pieza_dog_left_a_la_izquierda_y_a_la_derecha_Test" classname="com.example.TetrisTest" time="0.001"/>
  <testcase name="inicializar_tablero_en_0_Test" classname="com.example.TetrisTest" time="0"/>
  <testcase name="mover_pieza_actual_1_columna_a_la_derecha_Test" classname="com.example.TetrisTest" time="0"/>
  <testcase name="rotar_pieza_Stick_a_la_izquierda_y_a_la_derecha_Test" classname="com.example.TetrisTest" time="0"/>
  <testcase name="mover_pieza_una_columna_a_la_izquierda_false_Test" classname="com.example.TetrisTest" time="0.001"/>
  <testcase name="rotar_pieza_ele_left_a_la_izquierda_4_rotaciones_Test" classname="com.example.TetrisTest" time="0"/>
  <testcase name="la_pieza_actual_baja_luego_de_dos_tic_Test" classname="com.example.TetrisTest" time="0"/>
  <testcase name="crear_pieza_dog_derecha_e_izquierda_Test" classname="com.example.TetrisTest" time="0.001"/>
  <testcase name="rotar_pieza_ele_right_a_la_derecha_Test" classname="com.example.TetrisTest" time="0"/>
  <testcase name="metodo_tablero_devolver_get_Test" classname="com.example.TetrisTest" time="0"/>
  <testcase name="mover_pieza_actual_1_columna_a_la_izquierda_true_Test" classname="com.example.TetrisTest" time="0"/>
  <testcase name="rotar_pieza_ele_right_a_la_izquierda_4_rotaciones_Test" classname="com.example.TetrisTest" time="0"/>
  <testcase name="el_juego_finaliza_si_no_se_puede_agregar_mas_piezas_Test" classname="com.example.TetrisTest" time="0"/>
  <testcase name="eliminar_linea_completa_Test" classname="com.example.TetrisTest" time="0.001"/>
  <testcase name="bajar_linea_Test" classname="com.example.TetrisTest" time="0"/>
  <testcase name="validar_la_clase_tetris_Test" classname="com.example.TetrisTest" time="0"/>
  <testcase name="se_detiene_pieza_metodo_false_Test" classname="com.example.TetrisTest" time="0"/>
  <testcase name="detener_pieza_false_Test" classname="com.example.TetrisTest" time="0"/>
  <testcase name="crear_tablero_10_x_20_Test" classname="com.example.TetrisTest" time="0"/>
  <testcase name="crear_pieza_Stick_Test" classname="com.example.TetrisTest" time="0"/>
  <testcase name="crear_pieza_ele_derecha_e_izquierda_Test" classname="com.example.TetrisTest" time="0"/>
  <testcase name="crear_pieza_T_Test" classname="com.example.TetrisTest" time="0"/>
  <testcase name="rotar_pieza_T_a_la_derecha_Test" classname="com.example.TetrisTest" time="0"/>
  <testcase name="agregar_pieza_random_de_forma_especifica_caso_0_Test" classname="com.example.TetrisTest" time="0"/>
  <testcase name="agregar_pieza_random_de_forma_especifica_caso_1_Test" classname="com.example.TetrisTest" time="0"/>
  <testcase name="agregar_pieza_random_de_forma_especifica_caso_2_Test" classname="com.example.TetrisTest" time="0"/>
  <testcase name="reloj_actualiza_los_tics_Test" classname="com.example.TetrisTest" time="0.001"/>
  <testcase name="agregar_pieza_random_de_forma_especifica_caso_3_Test" classname="com.example.TetrisTest" time="0"/>
  <testcase name="se_puede_agregar_pieza_en_el_centro_False_Test" classname="com.example.TetrisTest" time="0"/>
  <testcase name="agregar_pieza_random_de_forma_especifica_caso_4_Test" classname="com.example.TetrisTest" time="0"/>
  <testcase name="agregar_pieza_random_al_tablero_Test" classname="com.example.TetrisTest" time="0.003">
    <error message="Cannot load from object array because &quot;forma&quot; is null" type="java.lang.NullPointerException">java.lang.NullPointerException: Cannot load from object array because "forma" is null
	at com.example.TetrisTest.agregar_pieza_random_al_tablero_Test(TetrisTest.java:844)
</error>
  </testcase>
  <testcase name="agregar_pieza_random_de_forma_especifica_caso_5_Test" classname="com.example.TetrisTest" time="0"/>
  <testcase name="agregar_pieza_random_de_forma_especifica_caso_6_Test" classname="com.example.TetrisTest" time="0"/>
  <testcase name="rotar_pieza_ele_left_a_la_derecha_4_rotaciones_Test" classname="com.example.TetrisTest" time="0"/>
  <testcase name="agregar_pieza_random_al_tablero_false_Test" classname="com.example.TetrisTest" time="0">
    <error message="Cannot load from object array because &quot;forma&quot; is null" type="java.lang.NullPointerException">java.lang.NullPointerException: Cannot load from object array because "forma" is null
	at com.example.TetrisTest.agregar_pieza_random_al_tablero_false_Test(TetrisTest.java:861)
</error>
  </testcase>
  <testcase name="rotar_pieza_dog_right_a_la_izquierda_y_a_la_derecha_Test" classname="com.example.TetrisTest" time="0"/>
  <testcase name="mover_pieza_una_columna_a_la_derecha_false_Test" classname="com.example.TetrisTest" time="0"/>
  <testcase name="el_reloj_no_actualiza_los_tics_Test" classname="com.example.TetrisTest" time="0"/>
  <testcase name="se_detiene_pieza_metodo_true_Test" classname="com.example.TetrisTest" time="0"/>
  <testcase name="crear_juego_Test" classname="com.example.TetrisTest" time="0"/>
  <testcase name="se_puede_agregar_pieza_especifica_en_el_tablero_Test" classname="com.example.TetrisTest" time="0"/>
  <testcase name="configurar_cantidad_lineas_para_finalizar_juego_Test" classname="com.example.TetrisTest" time="0"/>
  <testcase name="crear_pieza_Square_Test" classname="com.example.TetrisTest" time="0"/>
  <testcase name="la_pieza_puede_bajar_Test" classname="com.example.TetrisTest" time="0"/>
</testsuite>